{
  "stats": {
    "suites": 1,
    "tests": 2,
    "passes": 2,
    "pending": 0,
    "failures": 0,
    "start": "2024-09-19T20:09:19.899Z",
    "end": "2024-09-19T20:09:25.708Z",
    "duration": 5809,
    "testsRegistered": 2,
    "passPercent": 100,
    "pendingPercent": 0,
    "other": 0,
    "hasOther": false,
    "skipped": 0,
    "hasSkipped": false
  },
  "results": [
    {
      "uuid": "1b24a20d-9262-4ebb-8f52-2d76125f243f",
      "title": "",
      "fullFile": "cypress\\e2e\\login_falha.cy.js",
      "file": "cypress\\e2e\\login_falha.cy.js",
      "beforeHooks": [],
      "afterHooks": [],
      "tests": [],
      "suites": [
        {
          "uuid": "d4fc1981-9d05-4165-9849-c29985fd6ada",
          "title": "Página de Login com falha",
          "fullFile": "",
          "file": "",
          "beforeHooks": [],
          "afterHooks": [],
          "tests": [
            {
              "title": "Login com dados inválidos ",
              "fullTitle": "Página de Login com falha Login com dados inválidos ",
              "timedOut": null,
              "duration": 2445,
              "state": "passed",
              "speed": "fast",
              "pass": true,
              "fail": false,
              "pending": false,
              "context": null,
              "code": "cy.login(' ', ' ');\ncy.contains('É necessário informar um endereço de email').should('be.visible');\ncy.contains('A senha deve conter pelo menos uma letra maiúscula, um número e ter entre 6 e 15 caracteres').should('be.visible');",
              "err": {},
              "uuid": "7234dddd-d0de-4ae9-bf15-83804523351b",
              "parentUUID": "d4fc1981-9d05-4165-9849-c29985fd6ada",
              "isHook": false,
              "skipped": false
            },
            {
              "title": "Login com falha POST",
              "fullTitle": "Página de Login com falha Login com falha POST",
              "timedOut": null,
              "duration": 1567,
              "state": "passed",
              "speed": "fast",
              "pass": true,
              "fail": false,
              "pending": false,
              "context": null,
              "code": "cy.login('bsabsa@email.com', 'Bsabsinha7');\ncy.wait('@stubPost');\ncy.contains('Falha no login. Consulte suas credenciais.').should('be.visible');",
              "err": {},
              "uuid": "1fb02f36-d9d2-43d1-9753-1361a5279b96",
              "parentUUID": "d4fc1981-9d05-4165-9849-c29985fd6ada",
              "isHook": false,
              "skipped": false
            }
          ],
          "suites": [],
          "passes": [
            "7234dddd-d0de-4ae9-bf15-83804523351b",
            "1fb02f36-d9d2-43d1-9753-1361a5279b96"
          ],
          "failures": [],
          "pending": [],
          "skipped": [],
          "duration": 4012,
          "root": false,
          "rootEmpty": false,
          "_timeout": 2000
        }
      ],
      "passes": [],
      "failures": [],
      "pending": [],
      "skipped": [],
      "duration": 0,
      "root": true,
      "rootEmpty": true,
      "_timeout": 2000
    }
  ],
  "meta": {
    "mocha": {
      "version": "7.0.1"
    },
    "mochawesome": {
      "options": {
        "quiet": false,
        "reportFilename": "mochawesome",
        "saveHtml": false,
        "saveJson": true,
        "consoleReporter": "spec",
        "useInlineDiffs": false,
        "code": true
      },
      "version": "7.1.3"
    },
    "marge": {
      "options": {
        "reportDir": "cypress/results",
        "overwrite": false,
        "html": false,
        "json": true,
        "timestamp": "mmddyyy_HHMMss"
      },
      "version": "6.2.0"
    }
  }
}