{
  "stats": {
    "suites": 1,
    "tests": 1,
    "passes": 1,
    "pending": 0,
    "failures": 0,
    "start": "2024-10-01T19:47:47.738Z",
    "end": "2024-10-01T19:47:48.760Z",
    "duration": 1022,
    "testsRegistered": 1,
    "passPercent": 100,
    "pendingPercent": 0,
    "other": 0,
    "hasOther": false,
    "skipped": 0,
    "hasSkipped": false
  },
  "results": [
    {
      "uuid": "0e737348-3917-4e97-8925-a13dbdef67dd",
      "title": "",
      "fullFile": "cypress\\e2e\\api-perfil.cy.js",
      "file": "cypress\\e2e\\api-perfil.cy.js",
      "beforeHooks": [],
      "afterHooks": [],
      "tests": [],
      "suites": [
        {
          "uuid": "efe6408b-a72e-4e7a-93b2-ad9b95c2606c",
          "title": "API Adopet Perfil",
          "fullFile": "",
          "file": "",
          "beforeHooks": [],
          "afterHooks": [],
          "tests": [
            {
              "title": "Nome no perfil",
              "fullTitle": "API Adopet Perfil Nome no perfil",
              "timedOut": null,
              "duration": 975,
              "state": "passed",
              "speed": "fast",
              "pass": true,
              "fail": false,
              "pending": false,
              "context": null,
              "code": "cy.request({\n  method: 'GET',\n  url: 'https://adopet-api-i8qu.onrender.com/adotante/perfil/1e8cd979-7792-47f7-a7c2-1434bc6dd4f8',\n  headers: {\n    authorization\n  }\n}).then(res => {\n  expect(res.status).to.be.equal(200);\n  expect(res.body).is.not.empty;\n  expect(res.body).to.have.property('perfil');\n  expect(res.body.perfil.nome).to.be.equal('Bsinha Bsa');\n});",
              "err": {},
              "uuid": "af090872-04c2-4fb9-af7b-cfc04fef368b",
              "parentUUID": "efe6408b-a72e-4e7a-93b2-ad9b95c2606c",
              "isHook": false,
              "skipped": false
            }
          ],
          "suites": [],
          "passes": [
            "af090872-04c2-4fb9-af7b-cfc04fef368b"
          ],
          "failures": [],
          "pending": [],
          "skipped": [],
          "duration": 975,
          "root": false,
          "rootEmpty": false,
          "_timeout": 2000
        }
      ],
      "passes": [],
      "failures": [],
      "pending": [],
      "skipped": [],
      "duration": 0,
      "root": true,
      "rootEmpty": true,
      "_timeout": 2000
    }
  ],
  "meta": {
    "mocha": {
      "version": "7.0.1"
    },
    "mochawesome": {
      "options": {
        "quiet": false,
        "reportFilename": "mochawesome",
        "saveHtml": false,
        "saveJson": true,
        "consoleReporter": "spec",
        "useInlineDiffs": false,
        "code": true
      },
      "version": "7.1.3"
    },
    "marge": {
      "options": {
        "reportDir": "cypress/results",
        "overwrite": false,
        "html": false,
        "json": true,
        "timestamp": "mmddyyy_HHMMss"
      },
      "version": "6.2.0"
    }
  }
}