{
  "stats": {
    "suites": 1,
    "tests": 1,
    "passes": 1,
    "pending": 0,
    "failures": 0,
    "start": "2024-09-19T19:57:00.793Z",
    "end": "2024-09-19T19:57:05.659Z",
    "duration": 4866,
    "testsRegistered": 1,
    "passPercent": 100,
    "pendingPercent": 0,
    "other": 0,
    "hasOther": false,
    "skipped": 0,
    "hasSkipped": false
  },
  "results": [
    {
      "uuid": "e0874b4f-3727-4599-94bd-e1a08bc07e39",
      "title": "",
      "fullFile": "cypress\\e2e\\cadastro_sucesso.cy.js",
      "file": "cypress\\e2e\\cadastro_sucesso.cy.js",
      "beforeHooks": [],
      "afterHooks": [],
      "tests": [],
      "suites": [
        {
          "uuid": "690b823b-2ee4-4193-863e-c1dcb0e64f74",
          "title": "Página de Cadastro com sucesso",
          "fullFile": "",
          "file": "",
          "beforeHooks": [],
          "afterHooks": [],
          "tests": [
            {
              "title": "Cadastro com dados válidos ",
              "fullTitle": "Página de Cadastro com sucesso Cadastro com dados válidos ",
              "timedOut": null,
              "duration": 3138,
              "state": "passed",
              "speed": "fast",
              "pass": true,
              "fail": false,
              "pending": false,
              "context": null,
              "code": "cy.visit('https://adopet-frontend-cypress.vercel.app/');\ncy.cadastrar('Bsinha Bsa', 'bsabsa@email.com', 'Bsabsinha7');",
              "err": {},
              "uuid": "3587458d-b3ac-437c-9943-d8ba35461ad2",
              "parentUUID": "690b823b-2ee4-4193-863e-c1dcb0e64f74",
              "isHook": false,
              "skipped": false
            }
          ],
          "suites": [],
          "passes": [
            "3587458d-b3ac-437c-9943-d8ba35461ad2"
          ],
          "failures": [],
          "pending": [],
          "skipped": [],
          "duration": 3138,
          "root": false,
          "rootEmpty": false,
          "_timeout": 2000
        }
      ],
      "passes": [],
      "failures": [],
      "pending": [],
      "skipped": [],
      "duration": 0,
      "root": true,
      "rootEmpty": true,
      "_timeout": 2000
    }
  ],
  "meta": {
    "mocha": {
      "version": "7.0.1"
    },
    "mochawesome": {
      "options": {
        "quiet": false,
        "reportFilename": "mochawesome",
        "saveHtml": false,
        "saveJson": true,
        "consoleReporter": "spec",
        "useInlineDiffs": false,
        "code": true
      },
      "version": "7.1.3"
    },
    "marge": {
      "options": {
        "reportDir": "cypress/results",
        "overwrite": false,
        "html": false,
        "json": true,
        "timestamp": "mmddyyy_HHMMss"
      },
      "version": "6.2.0"
    }
  }
}