{
  "stats": {
    "suites": 1,
    "tests": 1,
    "passes": 0,
    "pending": 0,
    "failures": 1,
    "start": "2024-10-01T19:47:18.013Z",
    "end": "2024-10-01T19:47:19.425Z",
    "duration": 1412,
    "testsRegistered": 1,
    "passPercent": 0,
    "pendingPercent": 0,
    "other": 0,
    "hasOther": false,
    "skipped": 0,
    "hasSkipped": false
  },
  "results": [
    {
      "uuid": "309c8f4f-a49a-4300-b1f1-8ab3f6547fd7",
      "title": "",
      "fullFile": "cypress\\e2e\\api-perfil.cy.js",
      "file": "cypress\\e2e\\api-perfil.cy.js",
      "beforeHooks": [],
      "afterHooks": [],
      "tests": [],
      "suites": [
        {
          "uuid": "54231fc8-5bcf-466d-8582-693376f97bc4",
          "title": "API Adopet Perfil",
          "fullFile": "",
          "file": "",
          "beforeHooks": [],
          "afterHooks": [],
          "tests": [
            {
              "title": "Nome no perfil",
              "fullTitle": "API Adopet Perfil Nome no perfil",
              "timedOut": null,
              "duration": 1360,
              "state": "failed",
              "speed": null,
              "pass": false,
              "fail": true,
              "pending": false,
              "context": null,
              "code": "cy.request({\n  method: 'GET',\n  url: 'https://adopet-api-i8qu.onrender.com/adotante/perfil/1e8cd979-7792-47f7-a7c2-1434bc6dd4f8',\n  headers: {\n    authorization\n  }\n}).then(res => {\n  expect(res.status).to.be.equal(200);\n  expect(res.body).is.not.empty;\n  expect(res.body).to.have.property('perfil');\n  expect(res.body.perfil.nome).to.be.equal('Bsabsinha7');\n});",
              "err": {
                "message": "AssertionError: expected 'Bsinha Bsa' to equal 'Bsabsinha7'",
                "estack": "AssertionError: expected 'Bsinha Bsa' to equal 'Bsabsinha7'\n    at Context.eval (webpack:///./cypress/e2e/api-perfil.cy.js:13:47)",
                "diff": "- 'Bsinha Bsa'\n+ 'Bsabsinha7'\n"
              },
              "uuid": "3a2d84af-73df-4b05-a49b-6ac0f0bbaa07",
              "parentUUID": "54231fc8-5bcf-466d-8582-693376f97bc4",
              "isHook": false,
              "skipped": false
            }
          ],
          "suites": [],
          "passes": [],
          "failures": [
            "3a2d84af-73df-4b05-a49b-6ac0f0bbaa07"
          ],
          "pending": [],
          "skipped": [],
          "duration": 1360,
          "root": false,
          "rootEmpty": false,
          "_timeout": 2000
        }
      ],
      "passes": [],
      "failures": [],
      "pending": [],
      "skipped": [],
      "duration": 0,
      "root": true,
      "rootEmpty": true,
      "_timeout": 2000
    }
  ],
  "meta": {
    "mocha": {
      "version": "7.0.1"
    },
    "mochawesome": {
      "options": {
        "quiet": false,
        "reportFilename": "mochawesome",
        "saveHtml": false,
        "saveJson": true,
        "consoleReporter": "spec",
        "useInlineDiffs": false,
        "code": true
      },
      "version": "7.1.3"
    },
    "marge": {
      "options": {
        "reportDir": "cypress/results",
        "overwrite": false,
        "html": false,
        "json": true,
        "timestamp": "mmddyyy_HHMMss"
      },
      "version": "6.2.0"
    }
  }
}