{
  "stats": {
    "suites": 1,
    "tests": 1,
    "passes": 0,
    "pending": 0,
    "failures": 1,
    "start": "2024-10-07T20:18:18.922Z",
    "end": "2024-10-07T20:18:19.530Z",
    "duration": 608,
    "testsRegistered": 1,
    "passPercent": 0,
    "pendingPercent": 0,
    "other": 0,
    "hasOther": false,
    "skipped": 0,
    "hasSkipped": false
  },
  "results": [
    {
      "uuid": "915ec127-9ef2-43fe-a4b0-5b3f0ebfda1b",
      "title": "",
      "fullFile": "cypress\\e2e\\api-mensagens.cy.js",
      "file": "cypress\\e2e\\api-mensagens.cy.js",
      "beforeHooks": [],
      "afterHooks": [],
      "tests": [],
      "suites": [
        {
          "uuid": "100772e2-0a0b-48fa-9b9f-f8087db41f01",
          "title": "API Adopet",
          "fullFile": "",
          "file": "",
          "beforeHooks": [],
          "afterHooks": [],
          "tests": [
            {
              "title": "Mensagens da API",
              "fullTitle": "API Adopet Mensagens da API",
              "timedOut": null,
              "duration": 536,
              "state": "failed",
              "speed": null,
              "pass": false,
              "fail": true,
              "pending": false,
              "context": null,
              "code": "cy.request({\n  method: 'GET',\n  url: 'https://adopet-api-i8qu.onrender.com/mensagem/1e8cd979-7792-47f7-a7c2-1434bc6dd4f8',\n  headers: Cypress.env()\n}).then(res => {\n  expect(res.status).to.be.equal(200);\n  expect(res.body).is.not.empty;\n  expect(res.body).to.have.property('msg');\n  expect(res.duration).to.be.lte(tempoEsperado);\n});",
              "err": {
                "message": "CypressError: `cy.request()` failed on:\n\nhttps://adopet-api-i8qu.onrender.com/mensagem/1e8cd979-7792-47f7-a7c2-1434bc6dd4f8\n\nThe response we received from your web server was:\n\n  > 401: Unauthorized\n\nThis was considered a failure because the status code was not `2xx` or `3xx`.\n\nIf you do not want status codes to cause failures pass the option: `failOnStatusCode: false`\n\n-----------------------------------------------------------\n\nThe request we sent was:\n\nMethod: GET\nURL: https://adopet-api-i8qu.onrender.com/mensagem/1e8cd979-7792-47f7-a7c2-1434bc6dd4f8\nHeaders: {\n  \"Connection\": \"keep-alive\",\n  \"authorization\": \"Bearer eyJhbGciOiJIUzI1NiIsInR5cCI6IkpXVCJ9.eyJzdWIiOiIxZThjZDk3OS03NzkyLTQ3ZjctYTdjMi0xNDM0YmM2ZGQ0ZjgiLCJhZG9wdGVyTmFtZSI6IkJzaW5oYSBCc2EiLCJpYXQiOjE3Mjc4MTI5NTAsImV4cCI6MTcyODA3MjE1MH0.39ElSgm0LsNfdd-_aMMP5to_Dm9RaH-AmXvj4ri8l4M`\",\n  \"user-agent\": \"Mozilla/5.0 (Windows NT 10.0; Win64; x64) AppleWebKit/537.36 (KHTML, like Gecko) Cypress/13.14.2 Chrome/118.0.5993.159 Electron/27.3.10 Safari/537.36\",\n  \"accept\": \"*/*\",\n  \"accept-encoding\": \"gzip, deflate\"\n}\n\n-----------------------------------------------------------\n\nThe response we got was:\n\nStatus: 401 - Unauthorized\nHeaders: {\n  \"date\": \"Mon, 07 Oct 2024 20:18:19 GMT\",\n  \"content-type\": \"application/json; charset=utf-8\",\n  \"transfer-encoding\": \"chunked\",\n  \"connection\": \"keep-alive\",\n  \"cf-ray\": \"8cf09468aa185cb7-FOR\",\n  \"cf-cache-status\": \"DYNAMIC\",\n  \"etag\": \"W/\\\"43-wXWvnadL6A5lxmYWaq7JjOmSjgU\\\"\",\n  \"vary\": \"Origin, Accept-Encoding\",\n  \"access-control-allow-credentials\": \"true\",\n  \"access-control-expose-headers\": \"Authorization\",\n  \"rndr-id\": \"90890ad2-807c-4952\",\n  \"x-powered-by\": \"Express\",\n  \"x-render-origin-server\": \"Render\",\n  \"server\": \"cloudflare\"\n}\nBody: {\n  \"statusCode\": 401,\n  \"message\": \"JWT inválido\",\n  \"error\": \"Unauthorized\"\n}\n\n\nhttps://on.cypress.io/request",
                "estack": "CypressError: `cy.request()` failed on:\n\nhttps://adopet-api-i8qu.onrender.com/mensagem/1e8cd979-7792-47f7-a7c2-1434bc6dd4f8\n\nThe response we received from your web server was:\n\n  > 401: Unauthorized\n\nThis was considered a failure because the status code was not `2xx` or `3xx`.\n\nIf you do not want status codes to cause failures pass the option: `failOnStatusCode: false`\n\n-----------------------------------------------------------\n\nThe request we sent was:\n\nMethod: GET\nURL: https://adopet-api-i8qu.onrender.com/mensagem/1e8cd979-7792-47f7-a7c2-1434bc6dd4f8\nHeaders: {\n  \"Connection\": \"keep-alive\",\n  \"authorization\": \"Bearer eyJhbGciOiJIUzI1NiIsInR5cCI6IkpXVCJ9.eyJzdWIiOiIxZThjZDk3OS03NzkyLTQ3ZjctYTdjMi0xNDM0YmM2ZGQ0ZjgiLCJhZG9wdGVyTmFtZSI6IkJzaW5oYSBCc2EiLCJpYXQiOjE3Mjc4MTI5NTAsImV4cCI6MTcyODA3MjE1MH0.39ElSgm0LsNfdd-_aMMP5to_Dm9RaH-AmXvj4ri8l4M`\",\n  \"user-agent\": \"Mozilla/5.0 (Windows NT 10.0; Win64; x64) AppleWebKit/537.36 (KHTML, like Gecko) Cypress/13.14.2 Chrome/118.0.5993.159 Electron/27.3.10 Safari/537.36\",\n  \"accept\": \"*/*\",\n  \"accept-encoding\": \"gzip, deflate\"\n}\n\n-----------------------------------------------------------\n\nThe response we got was:\n\nStatus: 401 - Unauthorized\nHeaders: {\n  \"date\": \"Mon, 07 Oct 2024 20:18:19 GMT\",\n  \"content-type\": \"application/json; charset=utf-8\",\n  \"transfer-encoding\": \"chunked\",\n  \"connection\": \"keep-alive\",\n  \"cf-ray\": \"8cf09468aa185cb7-FOR\",\n  \"cf-cache-status\": \"DYNAMIC\",\n  \"etag\": \"W/\\\"43-wXWvnadL6A5lxmYWaq7JjOmSjgU\\\"\",\n  \"vary\": \"Origin, Accept-Encoding\",\n  \"access-control-allow-credentials\": \"true\",\n  \"access-control-expose-headers\": \"Authorization\",\n  \"rndr-id\": \"90890ad2-807c-4952\",\n  \"x-powered-by\": \"Express\",\n  \"x-render-origin-server\": \"Render\",\n  \"server\": \"cloudflare\"\n}\nBody: {\n  \"statusCode\": 401,\n  \"message\": \"JWT inválido\",\n  \"error\": \"Unauthorized\"\n}\n\n\nhttps://on.cypress.io/request\n    at <unknown> (http://localhost:54539/__cypress/runner/cypress_runner.js:133224:72)\n    at tryCatcher (http://localhost:54539/__cypress/runner/cypress_runner.js:1807:23)\n    at Promise._settlePromiseFromHandler (http://localhost:54539/__cypress/runner/cypress_runner.js:1519:31)\n    at Promise._settlePromise (http://localhost:54539/__cypress/runner/cypress_runner.js:1576:18)\n    at Promise._settlePromise0 (http://localhost:54539/__cypress/runner/cypress_runner.js:1621:10)\n    at Promise._settlePromises (http://localhost:54539/__cypress/runner/cypress_runner.js:1701:18)\n    at _drainQueueStep (http://localhost:54539/__cypress/runner/cypress_runner.js:2407:12)\n    at _drainQueue (http://localhost:54539/__cypress/runner/cypress_runner.js:2400:9)\n    at Async._drainQueues (http://localhost:54539/__cypress/runner/cypress_runner.js:2416:5)\n    at Async.drainQueues (http://localhost:54539/__cypress/runner/cypress_runner.js:2286:14)\nFrom Your Spec Code:\n    at Context.eval (webpack:///./cypress/e2e/api-mensagens.cy.js:6:11)",
                "diff": null
              },
              "uuid": "b6ce9b12-4158-4562-97c4-cc6099136da7",
              "parentUUID": "100772e2-0a0b-48fa-9b9f-f8087db41f01",
              "isHook": false,
              "skipped": false
            }
          ],
          "suites": [],
          "passes": [],
          "failures": [
            "b6ce9b12-4158-4562-97c4-cc6099136da7"
          ],
          "pending": [],
          "skipped": [],
          "duration": 536,
          "root": false,
          "rootEmpty": false,
          "_timeout": 2000
        }
      ],
      "passes": [],
      "failures": [],
      "pending": [],
      "skipped": [],
      "duration": 0,
      "root": true,
      "rootEmpty": true,
      "_timeout": 2000
    }
  ],
  "meta": {
    "mocha": {
      "version": "7.0.1"
    },
    "mochawesome": {
      "options": {
        "quiet": false,
        "reportFilename": "mochawesome",
        "saveHtml": false,
        "saveJson": true,
        "consoleReporter": "spec",
        "useInlineDiffs": false,
        "code": true
      },
      "version": "7.1.3"
    },
    "marge": {
      "options": {
        "reportDir": "cypress/results",
        "overwrite": false,
        "html": false,
        "json": true,
        "timestamp": "mmddyyy_HHMMss"
      },
      "version": "6.2.0"
    }
  }
}