{
  "stats": {
    "suites": 1,
    "tests": 1,
    "passes": 0,
    "pending": 0,
    "failures": 1,
    "start": "2024-10-07T20:25:00.915Z",
    "end": "2024-10-07T20:25:02.003Z",
    "duration": 1088,
    "testsRegistered": 1,
    "passPercent": 0,
    "pendingPercent": 0,
    "other": 0,
    "hasOther": false,
    "skipped": 0,
    "hasSkipped": false
  },
  "results": [
    {
      "uuid": "4afaa17b-50ee-400a-a901-1acf19c2bc37",
      "title": "",
      "fullFile": "cypress\\e2e\\api-mensagens.cy.js",
      "file": "cypress\\e2e\\api-mensagens.cy.js",
      "beforeHooks": [],
      "afterHooks": [],
      "tests": [],
      "suites": [
        {
          "uuid": "04fee2b4-f650-40b9-a30c-29300dc495ae",
          "title": "API Adopet",
          "fullFile": "",
          "file": "",
          "beforeHooks": [],
          "afterHooks": [],
          "tests": [
            {
              "title": "Mensagens da API",
              "fullTitle": "API Adopet Mensagens da API",
              "timedOut": null,
              "duration": 1038,
              "state": "failed",
              "speed": null,
              "pass": false,
              "fail": true,
              "pending": false,
              "context": null,
              "code": "cy.request({\n  method: 'GET',\n  url: 'https://adopet-api-i8qu.onrender.com/mensagem/1e8cd979-7792-47f7-a7c2-1434bc6dd4f8',\n  headers: Cypress.env()\n}).then(res => {\n  expect(res.status).to.be.equal(200);\n  expect(res.body).is.not.empty;\n  expect(res.body).to.have.property('msg');\n  expect(res.duration).to.be.lte(tempoEsperado);\n});",
              "err": {
                "message": "AssertionError: expected 785 to be at most 383.29527745365954",
                "estack": "AssertionError: expected 785 to be at most 383.29527745365954\n    at Context.eval (webpack:///./cypress/e2e/api-mensagens.cy.js:14:39)",
                "diff": "- 785\n+ 383.29527745365954\n"
              },
              "uuid": "6a4ef305-2a8f-469c-bfc3-67c6226ddfb9",
              "parentUUID": "04fee2b4-f650-40b9-a30c-29300dc495ae",
              "isHook": false,
              "skipped": false
            }
          ],
          "suites": [],
          "passes": [],
          "failures": [
            "6a4ef305-2a8f-469c-bfc3-67c6226ddfb9"
          ],
          "pending": [],
          "skipped": [],
          "duration": 1038,
          "root": false,
          "rootEmpty": false,
          "_timeout": 2000
        }
      ],
      "passes": [],
      "failures": [],
      "pending": [],
      "skipped": [],
      "duration": 0,
      "root": true,
      "rootEmpty": true,
      "_timeout": 2000
    }
  ],
  "meta": {
    "mocha": {
      "version": "7.0.1"
    },
    "mochawesome": {
      "options": {
        "quiet": false,
        "reportFilename": "mochawesome",
        "saveHtml": false,
        "saveJson": true,
        "consoleReporter": "spec",
        "useInlineDiffs": false,
        "code": true
      },
      "version": "7.1.3"
    },
    "marge": {
      "options": {
        "reportDir": "cypress/results",
        "overwrite": false,
        "html": false,
        "json": true,
        "timestamp": "mmddyyy_HHMMss"
      },
      "version": "6.2.0"
    }
  }
}