{
  "stats": {
    "suites": 1,
    "tests": 6,
    "passes": 6,
    "pending": 0,
    "failures": 0,
    "start": "2024-10-07T20:18:32.858Z",
    "end": "2024-10-07T20:18:51.205Z",
    "duration": 18347,
    "testsRegistered": 6,
    "passPercent": 100,
    "pendingPercent": 0,
    "other": 0,
    "hasOther": false,
    "skipped": 0,
    "hasSkipped": false
  },
  "results": [
    {
      "uuid": "dbdf3caa-b376-4523-a103-b6ded48e08bd",
      "title": "",
      "fullFile": "cypress\\e2e\\cadastro-massa.cy.js",
      "file": "cypress\\e2e\\cadastro-massa.cy.js",
      "beforeHooks": [],
      "afterHooks": [],
      "tests": [],
      "suites": [
        {
          "uuid": "84be2a13-e9aa-49b7-a985-c15f06e045a3",
          "title": "Página de cadastro",
          "fullFile": "",
          "file": "",
          "beforeHooks": [],
          "afterHooks": [],
          "tests": [
            {
              "title": "Cadastro com sucesso",
              "fullTitle": "Página de cadastro Cadastro com sucesso",
              "timedOut": null,
              "duration": 2861,
              "state": "passed",
              "speed": "fast",
              "pass": true,
              "fail": false,
              "pending": false,
              "context": null,
              "code": "cy.get('[data-test=\"input-name\"]').clear().type(usuario.name);\ncy.get('[data-test=\"input-email\"]').clear().type(usuario.email);\ncy.get('[data-test=\"input-password\"]').clear().type(usuario.password);\ncy.get('[data-test=\"input-confirm-password\"]').clear().type(usuario.password);\ncy.get('[data-test=\"submit-button\"]').click();",
              "err": {},
              "uuid": "4ac3285b-62a1-4e57-9c6b-ea3ac7156744",
              "parentUUID": "84be2a13-e9aa-49b7-a985-c15f06e045a3",
              "isHook": false,
              "skipped": false
            },
            {
              "title": "Cadastro com sucesso",
              "fullTitle": "Página de cadastro Cadastro com sucesso",
              "timedOut": null,
              "duration": 2984,
              "state": "passed",
              "speed": "fast",
              "pass": true,
              "fail": false,
              "pending": false,
              "context": null,
              "code": "cy.get('[data-test=\"input-name\"]').clear().type(usuario.name);\ncy.get('[data-test=\"input-email\"]').clear().type(usuario.email);\ncy.get('[data-test=\"input-password\"]').clear().type(usuario.password);\ncy.get('[data-test=\"input-confirm-password\"]').clear().type(usuario.password);\ncy.get('[data-test=\"submit-button\"]').click();",
              "err": {},
              "uuid": "6800e793-9ddb-4137-8c28-d9bbd64a5775",
              "parentUUID": "84be2a13-e9aa-49b7-a985-c15f06e045a3",
              "isHook": false,
              "skipped": false
            },
            {
              "title": "Cadastro com sucesso",
              "fullTitle": "Página de cadastro Cadastro com sucesso",
              "timedOut": null,
              "duration": 2960,
              "state": "passed",
              "speed": "fast",
              "pass": true,
              "fail": false,
              "pending": false,
              "context": null,
              "code": "cy.get('[data-test=\"input-name\"]').clear().type(usuario.name);\ncy.get('[data-test=\"input-email\"]').clear().type(usuario.email);\ncy.get('[data-test=\"input-password\"]').clear().type(usuario.password);\ncy.get('[data-test=\"input-confirm-password\"]').clear().type(usuario.password);\ncy.get('[data-test=\"submit-button\"]').click();",
              "err": {},
              "uuid": "b10f035f-48be-43f1-91a9-0ca124b3a682",
              "parentUUID": "84be2a13-e9aa-49b7-a985-c15f06e045a3",
              "isHook": false,
              "skipped": false
            },
            {
              "title": "Cadastro com sucesso",
              "fullTitle": "Página de cadastro Cadastro com sucesso",
              "timedOut": null,
              "duration": 2772,
              "state": "passed",
              "speed": "fast",
              "pass": true,
              "fail": false,
              "pending": false,
              "context": null,
              "code": "cy.get('[data-test=\"input-name\"]').clear().type(usuario.name);\ncy.get('[data-test=\"input-email\"]').clear().type(usuario.email);\ncy.get('[data-test=\"input-password\"]').clear().type(usuario.password);\ncy.get('[data-test=\"input-confirm-password\"]').clear().type(usuario.password);\ncy.get('[data-test=\"submit-button\"]').click();",
              "err": {},
              "uuid": "0a9b9adc-52dc-4c5d-94db-a083d6f784b4",
              "parentUUID": "84be2a13-e9aa-49b7-a985-c15f06e045a3",
              "isHook": false,
              "skipped": false
            },
            {
              "title": "Cadastro com sucesso",
              "fullTitle": "Página de cadastro Cadastro com sucesso",
              "timedOut": null,
              "duration": 2704,
              "state": "passed",
              "speed": "fast",
              "pass": true,
              "fail": false,
              "pending": false,
              "context": null,
              "code": "cy.get('[data-test=\"input-name\"]').clear().type(usuario.name);\ncy.get('[data-test=\"input-email\"]').clear().type(usuario.email);\ncy.get('[data-test=\"input-password\"]').clear().type(usuario.password);\ncy.get('[data-test=\"input-confirm-password\"]').clear().type(usuario.password);\ncy.get('[data-test=\"submit-button\"]').click();",
              "err": {},
              "uuid": "6ddc0239-81a3-4ff7-a43a-c573cfa153f9",
              "parentUUID": "84be2a13-e9aa-49b7-a985-c15f06e045a3",
              "isHook": false,
              "skipped": false
            },
            {
              "title": "Cadastro com sucesso",
              "fullTitle": "Página de cadastro Cadastro com sucesso",
              "timedOut": null,
              "duration": 2585,
              "state": "passed",
              "speed": "fast",
              "pass": true,
              "fail": false,
              "pending": false,
              "context": null,
              "code": "cy.get('[data-test=\"input-name\"]').clear().type(usuario.name);\ncy.get('[data-test=\"input-email\"]').clear().type(usuario.email);\ncy.get('[data-test=\"input-password\"]').clear().type(usuario.password);\ncy.get('[data-test=\"input-confirm-password\"]').clear().type(usuario.password);\ncy.get('[data-test=\"submit-button\"]').click();",
              "err": {},
              "uuid": "00967bff-0ea6-4f08-b442-43441e2ff669",
              "parentUUID": "84be2a13-e9aa-49b7-a985-c15f06e045a3",
              "isHook": false,
              "skipped": false
            }
          ],
          "suites": [],
          "passes": [
            "4ac3285b-62a1-4e57-9c6b-ea3ac7156744",
            "6800e793-9ddb-4137-8c28-d9bbd64a5775",
            "b10f035f-48be-43f1-91a9-0ca124b3a682",
            "0a9b9adc-52dc-4c5d-94db-a083d6f784b4",
            "6ddc0239-81a3-4ff7-a43a-c573cfa153f9",
            "00967bff-0ea6-4f08-b442-43441e2ff669"
          ],
          "failures": [],
          "pending": [],
          "skipped": [],
          "duration": 16866,
          "root": false,
          "rootEmpty": false,
          "_timeout": 2000
        }
      ],
      "passes": [],
      "failures": [],
      "pending": [],
      "skipped": [],
      "duration": 0,
      "root": true,
      "rootEmpty": true,
      "_timeout": 2000
    }
  ],
  "meta": {
    "mocha": {
      "version": "7.0.1"
    },
    "mochawesome": {
      "options": {
        "quiet": false,
        "reportFilename": "mochawesome",
        "saveHtml": false,
        "saveJson": true,
        "consoleReporter": "spec",
        "useInlineDiffs": false,
        "code": true
      },
      "version": "7.1.3"
    },
    "marge": {
      "options": {
        "reportDir": "cypress/results",
        "overwrite": false,
        "html": false,
        "json": true,
        "timestamp": "mmddyyy_HHMMss"
      },
      "version": "6.2.0"
    }
  }
}